[512, 4, 2, 32]
[16, 256, 128, 8]
[8, 32, 16, 4]
[2, 4, 8, 2]
505:512
{256: 130, 1024: 88, 128: 49, 512: 229, 64: 10}
not over
[512, 128, 64, 16]
[16, 64, 32, 8]
[2, 4, 16, 4]
[4, 8, 4, 2]
506:512
{256: 130, 1024: 88, 128: 49, 512: 230, 64: 10}
not over
[512, 256, 128, 64]
[16, 32, 64, 16]
[4, 8, 16, 8]
[2, 4, 8, 2]
507:512
{256: 130, 1024: 88, 128: 49, 512: 231, 64: 10}
not over
[1024, 2, 32, 8]
[16, 512, 2, 4]
[4, 8, 128, 8]
[2, 16, 8, 2]
508:1024
{256: 130, 1024: 89, 128: 49, 512: 231, 64: 10}
not over
[16, 2, 64, 16]
[8, 256, 16, 8]
[4, 32, 8, 4]
[2, 8, 4, 2]
509:256
{256: 131, 1024: 89, 128: 49, 512: 231, 64: 10}
not over
[256, 128, 4, 16]
[32, 64, 16, 4]
[4, 16, 32, 2]
[2, 4, 16, 4]
510:256
{256: 132, 1024: 89, 128: 49, 512: 231, 64: 10}
not over
[512, 256, 128, 16]
[2, 32, 64, 8]
[4, 16, 8, 4]
[2, 8, 4, 2]
511:512
{256: 132, 1024: 89, 128: 49, 512: 232, 64: 10}
not over
[128, 256, 2, 32]
[8, 64, 32, 16]
[4, 32, 16, 4]
[2, 8, 4, 2]
512:256
{256: 133, 1024: 89, 128: 49, 512: 232, 64: 10}
not over
[256, 128, 4, 64]
[16, 64, 16, 8]
[4, 16, 8, 4]
[2, 8, 4, 2]
513:256
{256: 134, 1024: 89, 128: 49, 512: 232, 64: 10}
not over
[128, 2, 32, 8]
[4, 16, 64, 2]
[2, 32, 16, 8]
[4, 8, 4, 2]
514:128
{256: 134, 1024: 89, 128: 50, 512: 232, 64: 10}
not over
[64, 256, 64, 4]
[16, 2, 32, 16]
[4, 8, 16, 2]
[2, 4, 2, 8]
515:256
{256: 135, 1024: 89, 128: 50, 512: 232, 64: 10}
not over
[1024, 4, 16, 8]
[16, 128, 256, 4]
[4, 32, 16, 2]
[2, 4, 8, 4]
516:1024
{256: 135, 1024: 90, 128: 50, 512: 232, 64: 10}
not over
[16, 512, 256, 128]
[8, 256, 64, 16]
[4, 8, 16, 4]
[2, 4, 8, 2]
517:512
{256: 135, 1024: 90, 128: 50, 512: 233, 64: 10}
not over
[128, 512, 256, 64]
[8, 64, 128, 8]
[16, 2, 8, 4]
[2, 8, 4, 2]
518:512
{256: 135, 1024: 90, 128: 50, 512: 234, 64: 10}
not over
[512, 256, 128, 32]
[16, 128, 4, 16]
[8, 32, 16, 8]
[2, 4, 8, 4]
519:512
{256: 135, 1024: 90, 128: 50, 512: 235, 64: 10}
not over
[512, 256, 128, 32]
[8, 32, 64, 16]
[4, 8, 16, 4]
[2, 4, 8, 2]
520:512
{256: 135, 1024: 90, 128: 50, 512: 236, 64: 10}
not over
[512, 128, 4, 32]
[32, 64, 128, 64]
[4, 16, 32, 2]
[2, 4, 8, 4]
521:512
{256: 135, 1024: 90, 128: 50, 512: 237, 64: 10}
not over
[256, 128, 8, 2]
[8, 32, 16, 8]
[4, 16, 2, 4]
[2, 8, 4, 2]
522:256
{256: 136, 1024: 90, 128: 50, 512: 237, 64: 10}
not over
[1024, 512, 256, 64]
[16, 128, 64, 8]
[4, 8, 16, 4]
[2, 4, 8, 2]
523:1024
{256: 136, 1024: 91, 128: 50, 512: 237, 64: 10}
not over
[256, 128, 32, 8]
[8, 32, 8, 2]
[4, 8, 16, 4]
[2, 16, 4, 2]
524:256
{256: 137, 1024: 91, 128: 50, 512: 237, 64: 10}
not over
[2, 256, 4, 2]
[1024, 32, 128, 64]
[8, 64, 16, 8]
[2, 8, 4, 2]
525:1024
{256: 137, 1024: 92, 128: 50, 512: 237, 64: 10}
not over
[64, 256, 128, 32]
[2, 8, 32, 16]
[16, 32, 16, 4]
[2, 4, 8, 2]
526:256
{256: 138, 1024: 92, 128: 50, 512: 237, 64: 10}
not over
[512, 256, 128, 64]
[64, 128, 64, 16]
[4, 2, 8, 64]
[8, 4, 2, 4]
527:512
{256: 138, 1024: 92, 128: 50, 512: 238, 64: 10}
not over
[2, 128, 16, 4]
[256, 16, 4, 128]
[8, 32, 16, 8]
[2, 8, 4, 2]
528:256
{256: 139, 1024: 92, 128: 50, 512: 238, 64: 10}
not over
[512, 8, 32, 4]
[16, 64, 128, 16]
[8, 32, 16, 4]
[4, 8, 4, 2]
529:512
{256: 139, 1024: 92, 128: 50, 512: 239, 64: 10}
not over
[512, 256, 128, 32]
[8, 32, 64, 8]
[4, 16, 32, 4]
[2, 4, 8, 2]
530:512
{256: 139, 1024: 92, 128: 50, 512: 240, 64: 10}
not over
[256, 8, 32, 16]
[4, 16, 128, 8]
[8, 32, 16, 4]
[2, 4, 8, 2]
531:256
{256: 140, 1024: 92, 128: 50, 512: 240, 64: 10}
not over
[64, 256, 32, 2]
[16, 64, 4, 16]
[4, 16, 32, 8]
[2, 8, 4, 2]
532:256
{256: 141, 1024: 92, 128: 50, 512: 240, 64: 10}
not over
[512, 32, 16, 2]
[32, 64, 4, 16]
[4, 2, 16, 8]
[2, 4, 8, 2]
533:512
{256: 141, 1024: 92, 128: 50, 512: 241, 64: 10}
not over
[256, 2, 16, 8]
[16, 64, 128, 64]
[8, 16, 32, 8]
[2, 4, 8, 4]
534:256
{256: 142, 1024: 92, 128: 50, 512: 241, 64: 10}
not over
[256, 2, 16, 8]
[16, 64, 128, 4]
[8, 16, 4, 8]
[2, 4, 8, 4]
535:256
{256: 143, 1024: 92, 128: 50, 512: 241, 64: 10}
not over
[256, 16, 2, 32]
[32, 64, 128, 16]
[4, 8, 16, 8]
[8, 2, 4, 2]
536:256
{256: 144, 1024: 92, 128: 50, 512: 241, 64: 10}
not over
[64, 512, 128, 64]
[8, 32, 64, 8]
[4, 16, 32, 16]
[2, 8, 4, 2]
537:512
{256: 144, 1024: 92, 128: 50, 512: 242, 64: 10}
not over
[256, 128, 256, 4]
[8, 32, 4, 128]
[4, 16, 32, 4]
[2, 4, 8, 2]
538:256
{256: 145, 1024: 92, 128: 50, 512: 242, 64: 10}
not over
[64, 512, 256, 128]
[8, 32, 128, 64]
[4, 8, 16, 4]
[2, 4, 8, 2]
539:512
{256: 145, 1024: 92, 128: 50, 512: 243, 64: 10}
not over
[128, 2, 16, 4]
[8, 32, 128, 32]
[4, 8, 16, 8]
[2, 4, 8, 2]
540:128
{256: 145, 1024: 92, 128: 51, 512: 243, 64: 10}
not over
[256, 128, 64, 16]
[32, 64, 16, 8]
[4, 32, 4, 2]
[2, 16, 8, 4]
541:256
{256: 146, 1024: 92, 128: 51, 512: 243, 64: 10}
not over
[32, 8, 2, 64]
[16, 32, 128, 16]
[4, 16, 32, 8]
[2, 8, 4, 2]
542:128
{256: 146, 1024: 92, 128: 52, 512: 243, 64: 10}
not over
[512, 256, 128, 16]
[16, 64, 16, 8]
[8, 4, 32, 4]
[4, 8, 4, 2]
543:512
{256: 146, 1024: 92, 128: 52, 512: 244, 64: 10}
not over
[256, 4, 2, 64]
[64, 256, 32, 16]
[4, 32, 16, 4]
[2, 8, 4, 2]
544:256
{256: 147, 1024: 92, 128: 52, 512: 244, 64: 10}
not over
[1024, 64, 4, 32]
[8, 32, 128, 8]
[4, 8, 16, 4]
[2, 4, 8, 2]
545:1024
{256: 147, 1024: 93, 128: 52, 512: 244, 64: 10}
not over
[256, 128, 32, 4]
[16, 64, 2, 128]
[4, 16, 32, 8]
[2, 8, 4, 2]
546:256
{256: 148, 1024: 93, 128: 52, 512: 244, 64: 10}
not over
[2, 256, 64, 32]
[512, 128, 32, 16]
[8, 32, 16, 2]
[2, 4, 8, 4]
547:512
{256: 148, 1024: 93, 128: 52, 512: 245, 64: 10}
not over
[1024, 2, 64, 32]
[16, 32, 16, 2]
[4, 16, 256, 8]
[2, 8, 4, 2]
548:1024
{256: 148, 1024: 94, 128: 52, 512: 245, 64: 10}
not over
[128, 4, 256, 128]
[32, 128, 64, 8]
[4, 8, 32, 16]
[2, 4, 8, 2]
549:256
{256: 149, 1024: 94, 128: 52, 512: 245, 64: 10}
not over
[256, 128, 64, 32]
[16, 64, 32, 4]
[4, 16, 2, 8]
[2, 8, 4, 2]
550:256
{256: 150, 1024: 94, 128: 52, 512: 245, 64: 10}
not over
[64, 8, 4, 32]
[32, 128, 64, 16]
[2, 16, 32, 8]
[4, 8, 4, 2]
551:128
{256: 150, 1024: 94, 128: 53, 512: 245, 64: 10}
not over
[64, 512, 2, 32]
[16, 64, 256, 16]
[8, 16, 32, 8]
[2, 4, 8, 2]
552:512
{256: 150, 1024: 94, 128: 53, 512: 246, 64: 10}
not over
[32, 128, 64, 2]
[16, 32, 16, 32]
[4, 16, 32, 16]
[2, 8, 2, 8]
553:128
{256: 150, 1024: 94, 128: 54, 512: 246, 64: 10}
not over
[1024, 256, 128, 64]
[32, 64, 32, 8]
[8, 4, 16, 4]
[2, 8, 4, 2]
554:1024
{256: 150, 1024: 95, 128: 54, 512: 246, 64: 10}
not over
[64, 256, 64, 16]
[16, 32, 8, 2]
[4, 8, 16, 4]
[2, 4, 8, 2]
555:256
{256: 151, 1024: 95, 128: 54, 512: 246, 64: 10}
not over
[1024, 2, 64, 16]
[16, 32, 128, 8]
[4, 16, 8, 4]
[2, 8, 4, 2]
556:1024
{256: 151, 1024: 96, 128: 54, 512: 246, 64: 10}
not over
[32, 512, 128, 64]
[16, 128, 64, 8]
[8, 32, 16, 2]
[4, 2, 8, 4]
557:512
{256: 151, 1024: 96, 128: 54, 512: 247, 64: 10}
not over
[64, 256, 2, 32]
[8, 32, 64, 16]
[4, 16, 32, 8]
[2, 8, 4, 2]
558:256
{256: 152, 1024: 96, 128: 54, 512: 247, 64: 10}
not over
[1024, 128, 2, 64]
[32, 16, 64, 32]
[16, 32, 16, 8]
[4, 8, 4, 2]
559:1024
{256: 152, 1024: 97, 128: 54, 512: 247, 64: 10}
not over
[256, 128, 4, 32]
[16, 8, 64, 16]
[8, 32, 8, 2]
[2, 4, 16, 4]
560:256
{256: 153, 1024: 97, 128: 54, 512: 247, 64: 10}
not over
[512, 128, 32, 2]
[16, 4, 8, 32]
[4, 8, 2, 8]
[2, 4, 8, 2]
561:512
{256: 153, 1024: 97, 128: 54, 512: 248, 64: 10}
not over
[512, 2, 128, 32]
[16, 256, 64, 8]
[8, 32, 8, 4]
[2, 16, 4, 2]
562:512
{256: 153, 1024: 97, 128: 54, 512: 249, 64: 10}
not over
[256, 2, 64, 16]
[16, 64, 128, 8]
[4, 16, 32, 4]
[2, 8, 4, 2]
563:256
{256: 154, 1024: 97, 128: 54, 512: 249, 64: 10}
not over
[512, 128, 32, 2]
[16, 32, 64, 16]
[8, 16, 8, 4]
[2, 4, 16, 2]
564:512
{256: 154, 1024: 97, 128: 54, 512: 250, 64: 10}
not over
[512, 256, 128, 16]
[16, 64, 16, 8]
[8, 16, 32, 4]
[2, 4, 8, 2]
565:512
{256: 154, 1024: 97, 128: 54, 512: 251, 64: 10}
not over
[1024, 256, 16, 8]
[32, 64, 128, 32]
[4, 32, 8, 4]
[2, 8, 4, 2]
566:1024
{256: 154, 1024: 98, 128: 54, 512: 251, 64: 10}
not over
[512, 2, 256, 32]
[16, 32, 64, 16]
[8, 16, 32, 8]
[2, 8, 4, 2]
567:512
{256: 154, 1024: 98, 128: 54, 512: 252, 64: 10}
not over
[512, 256, 32, 16]
[4, 8, 2, 64]
[8, 16, 8, 4]
[2, 8, 4, 2]
568:512
{256: 154, 1024: 98, 128: 54, 512: 253, 64: 10}
not over
[32, 512, 128, 64]
[16, 32, 64, 16]
[4, 64, 16, 4]
[2, 8, 4, 2]
569:512
{256: 154, 1024: 98, 128: 54, 512: 254, 64: 10}
not over
[64, 512, 256, 64]
[32, 128, 32, 8]
[16, 32, 16, 4]
[2, 4, 8, 2]
570:512
{256: 154, 1024: 98, 128: 54, 512: 255, 64: 10}
not over
[128, 32, 16, 8]
[8, 16, 4, 2]
[4, 8, 16, 4]
[2, 4, 8, 2]
571:128
{256: 154, 1024: 98, 128: 55, 512: 255, 64: 10}
not over
[32, 256, 128, 16]
[8, 32, 64, 8]
[4, 16, 32, 4]
[2, 4, 8, 2]
572:256
{256: 155, 1024: 98, 128: 55, 512: 255, 64: 10}
not over
[256, 64, 16, 4]
[8, 16, 64, 16]
[4, 8, 16, 4]
[2, 4, 2, 8]
573:256
{256: 156, 1024: 98, 128: 55, 512: 255, 64: 10}
not over
[512, 256, 64, 32]
[8, 32, 16, 2]
[4, 16, 32, 8]
[2, 8, 2, 4]
574:512
{256: 156, 1024: 98, 128: 55, 512: 256, 64: 10}
not over
[64, 2, 256, 128]
[32, 128, 512, 32]
[8, 16, 32, 8]
[2, 8, 4, 2]
575:512
{256: 156, 1024: 98, 128: 55, 512: 257, 64: 10}
not over
[512, 256, 128, 32]
[8, 32, 64, 16]
[4, 8, 32, 4]
[2, 4, 16, 2]
576:512
{256: 156, 1024: 98, 128: 55, 512: 258, 64: 10}
not over
[512, 256, 128, 32]
[16, 32, 2, 8]
[8, 16, 4, 2]
[2, 4, 8, 4]
577:512
{256: 156, 1024: 98, 128: 55, 512: 259, 64: 10}
not over
[256, 2, 64, 16]
[8, 64, 4, 8]
[4, 2, 8, 4]
[2, 8, 4, 2]
578:256
{256: 157, 1024: 98, 128: 55, 512: 259, 64: 10}
not over
[32, 256, 2, 64]
[8, 64, 128, 32]
[4, 16, 32, 4]
[2, 8, 4, 2]
579:256
{256: 158, 1024: 98, 128: 55, 512: 259, 64: 10}
not over
[64, 256, 64, 16]
[16, 64, 32, 8]
[8, 16, 8, 4]
[2, 8, 4, 2]
580:256
{256: 159, 1024: 98, 128: 55, 512: 259, 64: 10}
not over
[128, 2, 32, 2]
[32, 64, 2, 32]
[16, 32, 16, 4]
[4, 2, 8, 2]
581:128
{256: 159, 1024: 98, 128: 56, 512: 259, 64: 10}
not over
[64, 512, 128, 16]
[8, 64, 32, 2]
[4, 8, 16, 32]
[2, 4, 8, 2]
582:512
{256: 159, 1024: 98, 128: 56, 512: 260, 64: 10}
not over
[64, 128, 64, 2]
[32, 16, 4, 32]
[4, 8, 16, 4]
[2, 4, 8, 2]
583:128
{256: 159, 1024: 98, 128: 57, 512: 260, 64: 10}
not over
[128, 64, 2, 64]
[32, 256, 64, 32]
[8, 32, 16, 4]
[2, 4, 8, 2]
584:256
{256: 160, 1024: 98, 128: 57, 512: 260, 64: 10}
not over
[256, 32, 2, 16]
[32, 4, 64, 8]
[4, 8, 32, 4]
[2, 4, 16, 2]
585:256
{256: 161, 1024: 98, 128: 57, 512: 260, 64: 10}
not over
[16, 128, 64, 32]
[8, 32, 256, 8]
[2, 4, 32, 4]
[4, 8, 4, 2]
586:256
{256: 162, 1024: 98, 128: 57, 512: 260, 64: 10}
not over
[128, 64, 2, 32]
[8, 16, 64, 16]
[4, 8, 32, 2]
[2, 4, 8, 4]
587:128
{256: 162, 1024: 98, 128: 58, 512: 260, 64: 10}
not over
[512, 256, 128, 16]
[8, 64, 32, 8]
[4, 16, 8, 4]
[2, 8, 4, 2]
588:512
{256: 162, 1024: 98, 128: 58, 512: 261, 64: 10}
not over
[1024, 256, 2, 64]
[64, 128, 64, 8]
[16, 32, 4, 2]
[2, 4, 8, 4]
589:1024
{256: 162, 1024: 99, 128: 58, 512: 261, 64: 10}
not over
[64, 512, 128, 32]
[16, 64, 32, 16]
[4, 32, 16, 8]
[2, 8, 2, 4]
590:512
{256: 162, 1024: 99, 128: 58, 512: 262, 64: 10}
not over
[512, 64, 16, 32]
[16, 32, 8, 16]
[4, 8, 16, 8]
[2, 4, 2, 4]
591:512
{256: 162, 1024: 99, 128: 58, 512: 263, 64: 10}
not over
[128, 32, 4, 2]
[8, 16, 2, 64]
[4, 32, 16, 4]
[2, 4, 8, 2]
592:128
{256: 162, 1024: 99, 128: 59, 512: 263, 64: 10}
not over
[512, 128, 32, 2]
[32, 64, 16, 64]
[4, 8, 32, 2]
[2, 4, 2, 8]
593:512
{256: 162, 1024: 99, 128: 59, 512: 264, 64: 10}
not over
[512, 256, 128, 32]
[32, 64, 32, 16]
[8, 16, 8, 4]
[2, 8, 4, 2]
594:512
{256: 162, 1024: 99, 128: 59, 512: 265, 64: 10}
not over
[512, 256, 8, 32]
[8, 32, 4, 2]
[4, 2, 32, 4]
[2, 8, 4, 2]
595:512
{256: 162, 1024: 99, 128: 59, 512: 266, 64: 10}
not over
[512, 2, 4, 64]
[16, 128, 64, 8]
[8, 32, 16, 4]
[2, 4, 8, 2]
596:512
{256: 162, 1024: 99, 128: 59, 512: 267, 64: 10}
not over
[64, 128, 64, 16]
[4, 8, 32, 8]
[8, 2, 8, 4]
[2, 8, 4, 2]
597:128
{256: 162, 1024: 99, 128: 60, 512: 267, 64: 10}
not over
[64, 4, 256, 32]
[16, 64, 32, 16]
[8, 32, 8, 4]
[2, 16, 4, 2]
598:256
{256: 163, 1024: 99, 128: 60, 512: 267, 64: 10}
not over
[64, 512, 128, 32]
[8, 16, 2, 8]
[4, 8, 16, 4]
[2, 4, 8, 2]
599:512
{256: 163, 1024: 99, 128: 60, 512: 268, 64: 10}
not over
[512, 128, 16, 64]
[8, 32, 64, 16]
[2, 4, 16, 8]
[4, 2, 4, 2]
600:512
{256: 163, 1024: 99, 128: 60, 512: 269, 64: 10}
not over
[512, 256, 2, 16]
[16, 64, 8, 4]
[8, 16, 4, 2]
[2, 8, 2, 4]
601:512
{256: 163, 1024: 99, 128: 60, 512: 270, 64: 10}
not over
[1024, 2, 64, 32]
[16, 256, 32, 16]
[8, 64, 16, 4]
[4, 8, 4, 2]
602:1024
{256: 163, 1024: 100, 128: 60, 512: 270, 64: 10}
not over
[512, 128, 8, 32]
[16, 32, 64, 16]
[8, 2, 8, 2]
[2, 4, 2, 4]
603:512
{256: 163, 1024: 100, 128: 60, 512: 271, 64: 10}
not over
[2, 64, 128, 16]
[512, 8, 64, 8]
[8, 32, 16, 4]
[4, 8, 4, 2]
604:512
{256: 163, 1024: 100, 128: 60, 512: 272, 64: 10}
not over
[2, 256, 128, 32]
[64, 32, 16, 4]
[4, 16, 8, 2]
[2, 4, 2, 8]
605:256
{256: 164, 1024: 100, 128: 60, 512: 272, 64: 10}
not over
[64, 8, 128, 64]
[32, 128, 64, 8]
[4, 8, 32, 16]
[2, 4, 8, 2]
606:128
{256: 164, 1024: 100, 128: 61, 512: 272, 64: 10}
not over
[64, 256, 128, 64]
[16, 32, 64, 16]
[4, 16, 8, 4]
[2, 8, 4, 2]
607:256
{256: 165, 1024: 100, 128: 61, 512: 272, 64: 10}
not over
[64, 4, 64, 32]
[16, 64, 32, 8]
[4, 32, 16, 4]
[2, 8, 4, 2]
608:64
{256: 165, 1024: 100, 128: 61, 512: 272, 64: 11}
not over
[256, 64, 32, 16]
[8, 32, 16, 4]
[4, 16, 4, 8]
[2, 4, 8, 4]
609:256
{256: 166, 1024: 100, 128: 61, 512: 272, 64: 11}
not over
[1024, 256, 128, 32]
[16, 32, 64, 16]
[4, 8, 16, 8]
[2, 4, 8, 2]
610:1024
{256: 166, 1024: 101, 128: 61, 512: 272, 64: 11}
not over
[256, 64, 2, 32]
[32, 128, 64, 16]
[4, 16, 32, 4]
[2, 4, 8, 2]
611:256
{256: 167, 1024: 101, 128: 61, 512: 272, 64: 11}
not over
[512, 256, 64, 2]
[16, 128, 2, 16]
[4, 16, 32, 4]
[2, 8, 4, 2]
612:512
{256: 167, 1024: 101, 128: 61, 512: 273, 64: 11}
not over
[64, 512, 256, 64]
[16, 64, 32, 8]
[4, 16, 8, 4]
[2, 8, 4, 2]
613:512
{256: 167, 1024: 101, 128: 61, 512: 274, 64: 11}
not over
[64, 2, 128, 32]
[32, 256, 64, 16]
[16, 32, 16, 4]
[4, 2, 8, 2]
614:256
{256: 168, 1024: 101, 128: 61, 512: 274, 64: 11}
not over
[256, 32, 4, 16]
[32, 128, 8, 4]
[8, 32, 4, 8]
[2, 8, 2, 4]
615:256
{256: 169, 1024: 101, 128: 61, 512: 274, 64: 11}
not over
[32, 128, 32, 64]
[8, 16, 4, 32]
[4, 8, 32, 16]
[2, 4, 8, 2]
616:128
{256: 169, 1024: 101, 128: 62, 512: 274, 64: 11}
not over
[512, 256, 128, 64]
[16, 128, 32, 8]
[8, 16, 2, 4]
[4, 8, 4, 2]
617:512
{256: 169, 1024: 101, 128: 62, 512: 275, 64: 11}
not over
[512, 2, 32, 2]
[16, 256, 16, 8]
[4, 8, 32, 16]
[2, 4, 16, 2]
618:512
{256: 169, 1024: 101, 128: 62, 512: 276, 64: 11}
not over
[256, 2, 256, 32]
[16, 32, 8, 16]
[4, 16, 2, 8]
[2, 4, 8, 4]
619:256
{256: 170, 1024: 101, 128: 62, 512: 276, 64: 11}
not over
[64, 512, 256, 64]
[32, 128, 64, 32]
[8, 16, 4, 8]
[2, 8, 2, 4]
620:512
{256: 170, 1024: 101, 128: 62, 512: 277, 64: 11}
not over
[512, 4, 32, 2]
[32, 64, 256, 64]
[4, 16, 32, 16]
[2, 4, 8, 2]
621:512
{256: 170, 1024: 101, 128: 62, 512: 278, 64: 11}
not over
[32, 256, 128, 64]
[16, 32, 64, 16]
[8, 16, 32, 4]
[2, 8, 4, 2]
622:256
{256: 171, 1024: 101, 128: 62, 512: 278, 64: 11}
not over
[128, 16, 128, 64]
[2, 8, 64, 16]
[4, 2, 32, 2]
[2, 16, 2, 4]
623:128
{256: 171, 1024: 101, 128: 63, 512: 278, 64: 11}
not over
[512, 16, 256, 32]
[16, 128, 64, 8]
[4, 32, 16, 4]
[2, 4, 8, 2]
624:512
{256: 171, 1024: 101, 128: 63, 512: 279, 64: 11}
not over
[256, 2, 64, 4]
[8, 32, 128, 32]
[4, 16, 8, 4]
[2, 4, 16, 2]
625:256
{256: 172, 1024: 101, 128: 63, 512: 279, 64: 11}
not over
[512, 2, 16, 4]
[16, 64, 2, 32]
[8, 2, 16, 4]
[2, 4, 8, 2]
626:512
{256: 172, 1024: 101, 128: 63, 512: 280, 64: 11}
not over
[64, 256, 64, 16]
[16, 64, 8, 4]
[8, 16, 4, 16]
[2, 4, 8, 4]
627:256
{256: 173, 1024: 101, 128: 63, 512: 280, 64: 11}
not over
[1024, 512, 256, 64]
[16, 32, 128, 16]
[4, 16, 32, 8]
[2, 4, 16, 2]
628:1024
{256: 173, 1024: 102, 128: 63, 512: 280, 64: 11}
not over
[1024, 256, 128, 64]
[8, 32, 64, 16]
[4, 16, 32, 8]
[2, 8, 4, 2]
629:1024
{256: 173, 1024: 103, 128: 63, 512: 280, 64: 11}
not over
[64, 256, 128, 32]
[8, 32, 8, 4]
[4, 16, 4, 16]
[2, 4, 16, 2]
630:256
{256: 174, 1024: 103, 128: 63, 512: 280, 64: 11}
not over
[128, 1024, 256, 64]
[8, 128, 16, 8]
[4, 8, 32, 16]
[2, 4, 8, 2]
631:1024
{256: 174, 1024: 104, 128: 63, 512: 280, 64: 11}
not over
[512, 128, 4, 32]
[16, 64, 32, 16]
[4, 8, 16, 8]
[2, 4, 8, 2]
632:512
{256: 174, 1024: 104, 128: 63, 512: 281, 64: 11}
not over
[64, 512, 128, 32]
[32, 64, 16, 2]
[8, 16, 32, 8]
[2, 4, 8, 2]
633:512
{256: 174, 1024: 104, 128: 63, 512: 282, 64: 11}
not over
[512, 256, 128, 4]
[32, 64, 8, 128]
[4, 16, 32, 4]
[2, 4, 8, 2]
634:512
{256: 174, 1024: 104, 128: 63, 512: 283, 64: 11}
not over
[64, 512, 256, 64]
[16, 64, 128, 16]
[8, 16, 64, 4]
[2, 8, 4, 2]
635:512
{256: 174, 1024: 104, 128: 63, 512: 284, 64: 11}
not over
[256, 2, 64, 32]
[32, 128, 32, 16]
[8, 64, 16, 4]
[2, 4, 8, 2]
636:256
{256: 175, 1024: 104, 128: 63, 512: 284, 64: 11}
not over
[512, 256, 2, 64]
[16, 64, 128, 16]
[4, 32, 16, 8]
[2, 4, 8, 2]
637:512
{256: 175, 1024: 104, 128: 63, 512: 285, 64: 11}
not over
[512, 64, 4, 32]
[2, 8, 64, 8]
[8, 32, 16, 4]
[2, 4, 8, 2]
638:512
{256: 175, 1024: 104, 128: 63, 512: 286, 64: 11}
not over
[512, 128, 64, 32]
[32, 64, 32, 16]
[8, 2, 8, 4]
[2, 8, 4, 2]
639:512
{256: 175, 1024: 104, 128: 63, 512: 287, 64: 11}
not over
[128, 64, 16, 4]
[8, 32, 4, 16]
[2, 4, 32, 4]
[4, 2, 8, 2]
640:128
{256: 175, 1024: 104, 128: 64, 512: 287, 64: 11}
not over
[256, 128, 8, 64]
[8, 32, 64, 16]
[4, 8, 32, 4]
[2, 4, 8, 2]
641:256
{256: 176, 1024: 104, 128: 64, 512: 287, 64: 11}
not over
[128, 1024, 256, 32]
[16, 32, 128, 16]
[4, 16, 32, 4]
[2, 8, 4, 2]
642:1024
{256: 176, 1024: 105, 128: 64, 512: 287, 64: 11}
not over
[512, 256, 64, 16]
[8, 32, 4, 2]
[4, 16, 32, 16]
[8, 2, 4, 2]
643:512
{256: 176, 1024: 105, 128: 64, 512: 288, 64: 11}
not over
[512, 256, 32, 16]
[2, 16, 128, 8]
[16, 2, 16, 4]
[2, 4, 8, 2]
644:512
{256: 176, 1024: 105, 128: 64, 512: 289, 64: 11}
not over
[128, 32, 2, 64]
[16, 128, 64, 16]
[8, 32, 16, 8]
[2, 4, 8, 2]
645:128
{256: 176, 1024: 105, 128: 65, 512: 289, 64: 11}
not over
[256, 128, 2, 16]
[2, 16, 64, 8]
[8, 32, 4, 2]
[4, 8, 16, 4]
646:256
{256: 177, 1024: 105, 128: 65, 512: 289, 64: 11}
not over
[1024, 128, 64, 32]
[32, 64, 32, 8]
[8, 16, 8, 4]
[2, 4, 16, 2]
647:1024
{256: 177, 1024: 106, 128: 65, 512: 289, 64: 11}
not over
[2, 512, 128, 32]
[1024, 64, 32, 16]
[32, 8, 16, 4]
[2, 4, 8, 2]
648:1024
{256: 177, 1024: 107, 128: 65, 512: 289, 64: 11}
not over
[512, 64, 32, 2]
[16, 32, 4, 16]
[4, 16, 32, 8]
[2, 8, 4, 2]
649:512
{256: 177, 1024: 107, 128: 65, 512: 290, 64: 11}
not over
[512, 256, 128, 32]
[2, 8, 64, 2]
[8, 16, 4, 8]
[2, 4, 8, 4]
650:512
{256: 177, 1024: 107, 128: 65, 512: 291, 64: 11}
not over
{256: 277, 1024: 157, 128: 104, 512: 451, 64: 22}
not over
[64, 4, 256, 64]
[8, 32, 512, 32]
[4, 8, 128, 4]
[2, 16, 4, 2]
1011:512
{256: 277, 1024: 157, 128: 104, 512: 452, 64: 22}
not over
[64, 128, 16, 2]
[8, 32, 256, 128]
[2, 4, 16, 8]
[4, 8, 4, 2]
1012:256
{256: 278, 1024: 157, 128: 104, 512: 452, 64: 22}
not over
[32, 256, 64, 32]
[16, 64, 32, 16]
[8, 32, 16, 8]
[2, 4, 8, 4]
1013:256
{256: 279, 1024: 157, 128: 104, 512: 452, 64: 22}
not over
[1024, 128, 16, 32]
[16, 32, 8, 2]
[8, 16, 2, 8]
[2, 8, 4, 2]
1014:1024
{256: 279, 1024: 158, 128: 104, 512: 452, 64: 22}
not over
[256, 128, 64, 16]
[16, 64, 32, 8]
[8, 32, 2, 4]
[2, 4, 8, 2]
1015:256
{256: 280, 1024: 158, 128: 104, 512: 452, 64: 22}
not over
[512, 256, 128, 64]
[8, 32, 64, 16]
[4, 2, 32, 4]
[2, 8, 4, 2]
1016:512
{256: 280, 1024: 158, 128: 104, 512: 453, 64: 22}
not over
[256, 128, 64, 16]
[16, 64, 8, 4]
[8, 2, 4, 32]
[2, 4, 8, 4]
1017:256
{256: 281, 1024: 158, 128: 104, 512: 453, 64: 22}
not over
[256, 128, 2, 16]
[2, 16, 64, 8]
[16, 2, 32, 4]
[4, 8, 4, 2]
1018:256
{256: 282, 1024: 158, 128: 104, 512: 453, 64: 22}
not over
[256, 128, 32, 8]
[16, 2, 8, 2]
[4, 16, 32, 8]
[2, 8, 2, 4]
1019:256
{256: 283, 1024: 158, 128: 104, 512: 453, 64: 22}
not over
[256, 128, 64, 32]
[32, 64, 32, 8]
[4, 8, 16, 4]
[2, 4, 8, 2]
1020:256
{256: 284, 1024: 158, 128: 104, 512: 453, 64: 22}
not over
[256, 2, 256, 64]
[16, 32, 128, 2]
[8, 16, 32, 8]
[2, 8, 4, 2]
1021:256
{256: 285, 1024: 158, 128: 104, 512: 453, 64: 22}
not over
[512, 128, 16, 8]
[16, 32, 8, 2]
[4, 16, 32, 16]
[2, 4, 8, 2]
1022:512
{256: 285, 1024: 158, 128: 104, 512: 454, 64: 22}
not over
[512, 256, 64, 16]
[8, 64, 128, 8]
[16, 32, 16, 4]
[2, 4, 8, 2]
1023:512
{256: 285, 1024: 158, 128: 104, 512: 455, 64: 22}
not over
[2, 256, 128, 64]
[64, 128, 16, 4]
[8, 16, 4, 32]
[2, 4, 8, 4]
1024:256
{256: 286, 1024: 158, 128: 104, 512: 455, 64: 22}
not over
[512, 256, 16, 64]
[4, 16, 64, 128]
[16, 32, 16, 4]
[2, 8, 4, 2]
1025:512
{256: 286, 1024: 158, 128: 104, 512: 456, 64: 22}
not over
[512, 4, 32, 8]
[32, 128, 16, 2]
[4, 8, 64, 8]
[2, 4, 16, 2]
1026:512
{256: 286, 1024: 158, 128: 104, 512: 457, 64: 22}
not over
[1024, 2, 32, 4]
[16, 512, 128, 32]
[4, 32, 16, 4]
[2, 4, 8, 2]
1027:1024
{256: 286, 1024: 159, 128: 104, 512: 457, 64: 22}
not over
[256, 128, 64, 32]
[8, 64, 32, 16]
[4, 8, 16, 8]
[2, 16, 4, 2]
1028:256
{256: 287, 1024: 159, 128: 104, 512: 457, 64: 22}
not over
[512, 16, 128, 64]
[64, 128, 64, 16]
[2, 16, 32, 4]
[4, 8, 4, 2]
1029:512
{256: 287, 1024: 159, 128: 104, 512: 458, 64: 22}
not over
[512, 64, 32, 2]
[4, 32, 4, 16]
[2, 4, 8, 4]
[8, 2, 4, 2]
1030:512
{256: 287, 1024: 159, 128: 104, 512: 459, 64: 22}
not over
[512, 2, 128, 32]
[32, 128, 64, 16]
[8, 32, 16, 4]
[4, 8, 4, 2]
1031:512
{256: 287, 1024: 159, 128: 104, 512: 460, 64: 22}
not over
[64, 256, 128, 32]
[16, 32, 64, 16]
[4, 16, 32, 8]
[2, 8, 4, 2]
1032:256
{256: 288, 1024: 159, 128: 104, 512: 460, 64: 22}
not over
[64, 512, 256, 32]
[32, 64, 32, 16]
[4, 2, 16, 4]
[2, 4, 8, 2]
1033:512
{256: 288, 1024: 159, 128: 104, 512: 461, 64: 22}
not over
[256, 64, 4, 32]
[16, 32, 64, 16]
[8, 4, 16, 32]
[2, 8, 4, 2]
1034:256
{256: 289, 1024: 159, 128: 104, 512: 461, 64: 22}
not over
[512, 64, 128, 64]
[16, 2, 16, 8]
[32, 16, 2, 4]
[4, 2, 8, 2]
1035:512
{256: 289, 1024: 159, 128: 104, 512: 462, 64: 22}
not over
[512, 256, 64, 32]
[16, 64, 128, 16]
[8, 16, 32, 4]
[2, 4, 8, 2]
1036:512
{256: 289, 1024: 159, 128: 104, 512: 463, 64: 22}
not over
[512, 256, 2, 16]
[8, 32, 128, 8]
[4, 16, 64, 4]
[2, 4, 8, 2]
1037:512
{256: 289, 1024: 159, 128: 104, 512: 464, 64: 22}
not over
[256, 128, 64, 8]
[4, 8, 32, 4]
[2, 16, 8, 2]
[4, 8, 2, 4]
1038:256
{256: 290, 1024: 159, 128: 104, 512: 464, 64: 22}
not over
[1024, 256, 128, 32]
[16, 128, 64, 16]
[4, 32, 8, 2]
[8, 4, 2, 4]
1039:1024
{256: 290, 1024: 160, 128: 104, 512: 464, 64: 22}
not over
[16, 256, 128, 16]
[8, 64, 16, 8]
[2, 16, 32, 4]
[4, 8, 4, 2]
1040:256
{256: 291, 1024: 160, 128: 104, 512: 464, 64: 22}
not over
[64, 4, 64, 16]
[8, 32, 2, 8]
[4, 8, 16, 64]
[2, 4, 8, 2]
1041:64
{256: 291, 1024: 160, 128: 104, 512: 464, 64: 23}
not over
[256, 2, 32, 16]
[4, 8, 128, 8]
[32, 16, 2, 4]
[2, 4, 16, 2]
1042:256
{256: 292, 1024: 160, 128: 104, 512: 464, 64: 23}
not over
[256, 4, 256, 16]
[32, 128, 32, 8]
[16, 32, 16, 4]
[2, 8, 4, 2]
1043:256
{256: 293, 1024: 160, 128: 104, 512: 464, 64: 23}
not over
[64, 512, 32, 8]
[8, 32, 128, 4]
[4, 8, 32, 8]
[2, 4, 8, 2]
1044:512
{256: 293, 1024: 160, 128: 104, 512: 465, 64: 23}
not over
[512, 2, 128, 32]
[16, 256, 16, 2]
[8, 32, 64, 16]
[2, 8, 4, 2]
1045:512
{256: 293, 1024: 160, 128: 104, 512: 466, 64: 23}
not over
[512, 64, 32, 2]
[16, 2, 8, 32]
[8, 16, 32, 8]
[2, 4, 8, 2]
1046:512
{256: 293, 1024: 160, 128: 104, 512: 467, 64: 23}
not over
[512, 256, 128, 32]
[32, 64, 32, 8]
[8, 32, 8, 2]
[2, 4, 2, 4]
1047:512
{256: 293, 1024: 160, 128: 104, 512: 468, 64: 23}
not over
[512, 256, 2, 128]
[32, 128, 64, 32]
[4, 8, 16, 4]
[2, 4, 8, 2]
1048:512
{256: 293, 1024: 160, 128: 104, 512: 469, 64: 23}
not over
[256, 4, 128, 64]
[16, 64, 256, 16]
[8, 16, 32, 8]
[2, 4, 2, 4]
1049:256
{256: 294, 1024: 160, 128: 104, 512: 469, 64: 23}
not over
[512, 128, 64, 32]
[16, 64, 32, 8]
[2, 32, 16, 4]
[4, 2, 4, 2]
1050:512
{256: 294, 1024: 160, 128: 104, 512: 470, 64: 23}
not over
[1024, 512, 256, 16]
[16, 32, 64, 8]
[8, 16, 8, 4]
[4, 2, 4, 2]
1051:1024
{256: 294, 1024: 161, 128: 104, 512: 470, 64: 23}
not over
[1024, 256, 64, 32]
[16, 64, 32, 8]
[4, 8, 16, 4]
[2, 4, 8, 2]
1052:1024
{256: 294, 1024: 162, 128: 104, 512: 470, 64: 23}
not over
[512, 256, 16, 8]
[32, 128, 64, 2]
[2, 8, 4, 8]
[8, 4, 2, 4]
1053:512
{256: 294, 1024: 162, 128: 104, 512: 471, 64: 23}
not over
[512, 16, 128, 32]
[128, 64, 16, 8]
[16, 32, 8, 4]
[2, 4, 16, 2]
1054:512
{256: 294, 1024: 162, 128: 104, 512: 472, 64: 23}
not over
[256, 128, 4, 32]
[16, 64, 16, 2]
[4, 16, 4, 8]
[2, 8, 2, 4]
1055:256
{256: 295, 1024: 162, 128: 104, 512: 472, 64: 23}
not over
[512, 256, 128, 64]
[8, 16, 64, 8]
[2, 8, 32, 2]
[8, 2, 8, 4]
1056:512
{256: 295, 1024: 162, 128: 104, 512: 473, 64: 23}
not over
[128, 64, 2, 32]
[32, 128, 16, 4]
[4, 8, 32, 16]
[2, 4, 8, 2]
1057:128
{256: 295, 1024: 162, 128: 105, 512: 473, 64: 23}
not over
[64, 512, 128, 64]
[32, 128, 64, 16]
[16, 4, 16, 8]
[4, 8, 4, 2]
1058:512
{256: 295, 1024: 162, 128: 105, 512: 474, 64: 23}
not over
[32, 256, 128, 32]
[16, 32, 64, 16]
[4, 16, 32, 8]
[2, 4, 8, 4]
1059:256
{256: 296, 1024: 162, 128: 105, 512: 474, 64: 23}
not over
[256, 128, 32, 16]
[32, 64, 16, 8]
[4, 16, 32, 4]
[2, 4, 8, 2]
1060:256
{256: 297, 1024: 162, 128: 105, 512: 474, 64: 23}
not over
[512, 256, 128, 64]
[16, 32, 64, 16]
[8, 16, 8, 4]
[2, 8, 4, 2]
1061:512
{256: 297, 1024: 162, 128: 105, 512: 475, 64: 23}
not over
[512, 128, 32, 16]
[2, 64, 128, 8]
[16, 8, 16, 4]
[2, 4, 8, 2]
1062:512
{256: 297, 1024: 162, 128: 105, 512: 476, 64: 23}
not over
[1024, 256, 128, 32]
[16, 64, 32, 8]
[8, 32, 16, 4]
[2, 4, 8, 2]
1063:1024
{256: 297, 1024: 163, 128: 105, 512: 476, 64: 23}
not over
[2, 256, 128, 32]
[512, 128, 64, 16]
[16, 32, 8, 4]
[4, 2, 4, 2]
1064:512
{256: 297, 1024: 163, 128: 105, 512: 477, 64: 23}
not over
[1024, 128, 32, 64]
[16, 32, 64, 32]
[4, 16, 8, 4]
[2, 8, 4, 2]
1065:1024
{256: 297, 1024: 164, 128: 105, 512: 477, 64: 23}
not over
[1024, 512, 256, 64]
[16, 64, 16, 32]
[4, 16, 32, 4]
[2, 4, 8, 2]
1066:1024
{256: 297, 1024: 165, 128: 105, 512: 477, 64: 23}
not over
[512, 64, 16, 32]
[16, 32, 64, 16]
[8, 16, 32, 8]
[4, 2, 8, 2]
1067:512
{256: 297, 1024: 165, 128: 105, 512: 478, 64: 23}
not over
[128, 32, 8, 4]
[2, 16, 2, 16]
[16, 32, 16, 4]
[4, 2, 8, 2]
1068:128
{256: 297, 1024: 165, 128: 106, 512: 478, 64: 23}
not over
[512, 128, 16, 4]
[8, 2, 64, 16]
[4, 16, 32, 8]
[2, 4, 8, 2]
1069:512
{256: 297, 1024: 165, 128: 106, 512: 479, 64: 23}
not over
[512, 32, 512, 32]
[16, 64, 32, 16]
[8, 32, 64, 8]
[2, 8, 4, 2]
1070:512
{256: 297, 1024: 165, 128: 106, 512: 480, 64: 23}
not over
[512, 128, 16, 32]
[64, 16, 2, 16]
[4, 32, 16, 4]
[2, 4, 8, 2]
1071:512
{256: 297, 1024: 165, 128: 106, 512: 481, 64: 23}
not over
[512, 2, 32, 16]
[8, 32, 128, 4]
[4, 2, 32, 8]
[8, 4, 2, 4]
1072:512
{256: 297, 1024: 165, 128: 106, 512: 482, 64: 23}
not over
[512, 128, 64, 16]
[16, 64, 32, 8]
[8, 16, 8, 4]
[4, 8, 4, 2]
1073:512
{256: 297, 1024: 165, 128: 106, 512: 483, 64: 23}
not over
[512, 256, 2, 64]
[8, 32, 128, 16]
[4, 2, 32, 8]
[2, 4, 8, 2]
1074:512
{256: 297, 1024: 165, 128: 106, 512: 484, 64: 23}
not over
[1024, 256, 128, 16]
[16, 64, 32, 4]
[4, 16, 8, 16]
[2, 8, 4, 2]
1075:1024
{256: 297, 1024: 166, 128: 106, 512: 484, 64: 23}
not over
[256, 128, 2, 32]
[16, 32, 128, 16]
[4, 8, 16, 8]
[2, 16, 4, 2]
1076:256
{256: 298, 1024: 166, 128: 106, 512: 484, 64: 23}
not over
[2, 256, 128, 32]
[16, 1024, 64, 16]
[8, 16, 32, 4]
[2, 4, 2, 8]
1077:1024
{256: 298, 1024: 167, 128: 106, 512: 484, 64: 23}
not over
[512, 256, 64, 32]
[32, 64, 32, 16]
[8, 16, 64, 8]
[2, 4, 8, 2]
1078:512
{256: 298, 1024: 167, 128: 106, 512: 485, 64: 23}
not over
[512, 64, 8, 32]
[32, 4, 64, 16]
[4, 16, 32, 4]
[2, 4, 16, 2]
1079:512
{256: 298, 1024: 167, 128: 106, 512: 486, 64: 23}
not over
[16, 128, 16, 2]
[2, 16, 1024, 16]
[8, 32, 2, 4]
[2, 4, 8, 2]
1080:1024
{256: 298, 1024: 168, 128: 106, 512: 486, 64: 23}
not over
[512, 256, 128, 64]
[8, 32, 64, 32]
[4, 16, 2, 4]
[2, 4, 8, 2]
1081:512
{256: 298, 1024: 168, 128: 106, 512: 487, 64: 23}
not over
[512, 256, 8, 32]
[8, 64, 4, 16]
[4, 32, 16, 4]
[2, 8, 4, 2]
1082:512
{256: 298, 1024: 168, 128: 106, 512: 488, 64: 23}
not over
[512, 16, 64, 32]
[16, 256, 16, 4]
[8, 16, 32, 2]
[2, 4, 8, 4]
1083:512
{256: 298, 1024: 168, 128: 106, 512: 489, 64: 23}
not over
[256, 2, 64, 16]
[16, 128, 8, 2]
[8, 64, 16, 8]
[4, 8, 4, 2]
1084:256
{256: 299, 1024: 168, 128: 106, 512: 489, 64: 23}
not over
[256, 128, 64, 32]
[16, 64, 32, 8]
[32, 16, 8, 4]
[2, 8, 4, 2]
1085:256
{256: 300, 1024: 168, 128: 106, 512: 489, 64: 23}
not over
[256, 512, 128, 32]
[8, 64, 32, 8]
[4, 8, 16, 2]
[2, 4, 8, 4]
1086:512
{256: 300, 1024: 168, 128: 106, 512: 490, 64: 23}
not over
[256, 128, 64, 32]
[16, 64, 32, 4]
[4, 8, 16, 8]
[2, 4, 8, 2]
1087:256
{256: 301, 1024: 168, 128: 106, 512: 490, 64: 23}
not over
[1024, 16, 128, 8]
[8, 64, 8, 2]
[4, 16, 32, 8]
[2, 8, 4, 2]
1088:1024
{256: 301, 1024: 169, 128: 106, 512: 490, 64: 23}
not over
[512, 8, 64, 2]
[8, 16, 4, 64]
[4, 32, 16, 4]
[2, 8, 4, 2]
1089:512
{256: 301, 1024: 169, 128: 106, 512: 491, 64: 23}
not over
[64, 2, 8, 2]
[16, 64, 16, 32]
[4, 16, 128, 16]
[2, 4, 8, 2]
1090:128
{256: 301, 1024: 169, 128: 107, 512: 491, 64: 23}
not over
[64, 256, 128, 64]
[32, 128, 64, 16]
[64, 32, 16, 4]
[2, 8, 4, 2]
1091:256
{256: 302, 1024: 169, 128: 107, 512: 491, 64: 23}
not over
[512, 256, 64, 8]
[4, 8, 32, 128]
[8, 32, 16, 4]
[2, 4, 8, 2]
1092:512
{256: 302, 1024: 169, 128: 107, 512: 492, 64: 23}
not over
[512, 256, 32, 2]
[16, 32, 16, 32]
[8, 16, 2, 8]
[2, 8, 4, 2]
1093:512
{256: 302, 1024: 169, 128: 107, 512: 493, 64: 23}
not over
[512, 64, 128, 64]
[16, 32, 64, 8]
[4, 16, 8, 4]
[2, 8, 4, 2]
1094:512
{256: 302, 1024: 169, 128: 107, 512: 494, 64: 23}
not over
[128, 4, 2, 32]
[16, 128, 64, 8]
[2, 16, 32, 4]
[4, 8, 4, 2]
1095:128
{256: 302, 1024: 169, 128: 108, 512: 494, 64: 23}
not over
[512, 256, 64, 32]
[32, 64, 32, 8]
[4, 8, 16, 4]
[2, 4, 8, 2]
1096:512
{256: 302, 1024: 169, 128: 108, 512: 495, 64: 23}
not over
[512, 64, 16, 4]
[16, 8, 64, 32]
[8, 32, 16, 8]
[2, 4, 8, 2]
1097:512
{256: 302, 1024: 169, 128: 108, 512: 496, 64: 23}
not over
[512, 256, 128, 32]
[128, 32, 2, 8]
[4, 16, 4, 16]
[2, 4, 2, 8]
1098:512
{256: 302, 1024: 169, 128: 108, 512: 497, 64: 23}
not over
[512, 32, 2, 64]
[16, 128, 16, 8]
[4, 8, 32, 4]
[2, 16, 4, 2]
1099:512
{256: 302, 1024: 169, 128: 108, 512: 498, 64: 23}
not over
[512, 16, 4, 2]
[32, 64, 2, 8]
[8, 16, 8, 4]
[2, 8, 4, 2]
1100:512
{256: 302, 1024: 169, 128: 108, 512: 499, 64: 23}
not over
[1024, 512, 128, 64]
[16, 32, 64, 16]
[4, 16, 32, 8]
[2, 8, 4, 2]
1101:1024
{256: 302, 1024: 170, 128: 108, 512: 499, 64: 23}
not over
[256, 128, 2, 32]
[8, 16, 32, 4]
[4, 8, 16, 8]
[2, 16, 4, 2]
1102:256
{256: 303, 1024: 170, 128: 108, 512: 499, 64: 23}
not over
[1024, 2, 128, 32]
[16, 256, 64, 16]
[8, 4, 32, 4]
[4, 2, 16, 2]
1103:1024
{256: 303, 1024: 171, 128: 108, 512: 499, 64: 23}
not over
[512, 2, 64, 2]
[16, 32, 256, 16]
[8, 64, 16, 8]
[2, 16, 4, 2]
1104:512
{256: 303, 1024: 171, 128: 108, 512: 500, 64: 23}
not over
[512, 256, 128, 32]
[16, 32, 64, 2]
[8, 16, 32, 8]
[2, 8, 16, 2]
1105:512
{256: 303, 1024: 171, 128: 108, 512: 501, 64: 23}
not over
[256, 2, 128, 32]
[8, 32, 8, 2]
[4, 8, 32, 4]
[2, 4, 8, 2]
1106:256
{256: 304, 1024: 171, 128: 108, 512: 501, 64: 23}
not over
[64, 512, 128, 16]
[16, 64, 8, 32]
[4, 8, 32, 8]
[2, 4, 8, 2]
1107:512
{256: 304, 1024: 171, 128: 108, 512: 502, 64: 23}
not over
[64, 2, 128, 32]
[16, 64, 32, 4]
[4, 8, 16, 2]
[2, 4, 2, 4]
1108:128
{256: 304, 1024: 171, 128: 109, 512: 502, 64: 23}
not over
[128, 2, 64, 32]
[16, 64, 128, 16]
[4, 8, 32, 4]
[2, 4, 8, 2]
1109:128
{256: 304, 1024: 171, 128: 110, 512: 502, 64: 23}
not over
[256, 8, 128, 32]
[16, 128, 64, 16]
[8, 32, 8, 4]
[2, 8, 4, 2]
1110:256
{256: 305, 1024: 171, 128: 110, 512: 502, 64: 23}
not over
[32, 512, 128, 8]
[4, 64, 8, 2]
[2, 4, 16, 8]
[4, 8, 2, 4]
1111:512
{256: 305, 1024: 171, 128: 110, 512: 503, 64: 23}
not over
[1024, 256, 8, 2]
[32, 64, 2, 16]
[4, 16, 32, 8]
[2, 8, 4, 2]
1112:1024
{256: 305, 1024: 172, 128: 110, 512: 503, 64: 23}
not over
[512, 2, 256, 16]
[8, 128, 16, 8]
[4, 16, 8, 4]
[2, 8, 4, 2]
1113:512
{256: 305, 1024: 172, 128: 110, 512: 504, 64: 23}
not over
[512, 128, 64, 32]
[16, 64, 32, 16]
[8, 2, 16, 8]
[2, 4, 8, 2]
1114:512
{256: 305, 1024: 172, 128: 110, 512: 505, 64: 23}
not over
[512, 256, 8, 64]
[32, 128, 64, 16]
[2, 16, 32, 8]
[4, 8, 2, 4]
1115:512
{256: 305, 1024: 172, 128: 110, 512: 506, 64: 23}
not over
[4, 512, 256, 32]
[1024, 32, 16, 2]
[4, 16, 4, 16]
[2, 4, 2, 4]
1116:1024
{256: 305, 1024: 173, 128: 110, 512: 506, 64: 23}
not over
[256, 128, 64, 32]
[16, 64, 32, 4]
[4, 8, 16, 8]
[2, 4, 2, 4]
1117:256
{256: 306, 1024: 173, 128: 110, 512: 506, 64: 23}
not over
[512, 256, 64, 32]
[16, 32, 16, 2]
[4, 16, 2, 16]
[2, 4, 8, 4]
1118:512
{256: 306, 1024: 173, 128: 110, 512: 507, 64: 23}
not over
[256, 32, 4, 2]
[64, 4, 32, 16]
[4, 32, 16, 4]
[2, 8, 4, 2]
1119:256
{256: 307, 1024: 173, 128: 110, 512: 507, 64: 23}
not over
[512, 128, 4, 64]
[16, 64, 128, 16]
[8, 16, 32, 8]
[4, 8, 4, 2]
1120:512
{256: 307, 1024: 173, 128: 110, 512: 508, 64: 23}
not over
[64, 4, 128, 64]
[32, 64, 256, 32]
[16, 32, 16, 4]
[2, 4, 2, 8]
1121:256
{256: 308, 1024: 173, 128: 110, 512: 508, 64: 23}
not over
[128, 512, 256, 128]
[8, 32, 128, 16]
[4, 16, 32, 2]
[2, 4, 2, 8]
1122:512
{256: 308, 1024: 173, 128: 110, 512: 509, 64: 23}
not over
[1024, 128, 16, 4]
[16, 32, 8, 128]
[4, 8, 32, 8]
[2, 4, 2, 4]
1123:1024
{256: 308, 1024: 174, 128: 110, 512: 509, 64: 23}
not over
[32, 128, 8, 32]
[8, 32, 64, 16]
[2, 16, 32, 8]
[4, 8, 2, 4]
1124:128
{256: 308, 1024: 174, 128: 111, 512: 509, 64: 23}
not over
[512, 256, 2, 32]
[16, 32, 128, 8]
[4, 64, 16, 4]
[2, 8, 4, 2]
1125:512
{256: 308, 1024: 174, 128: 111, 512: 510, 64: 23}
not over
[128, 2, 128, 64]
[64, 128, 32, 8]
[8, 32, 16, 4]
[2, 4, 8, 2]
1126:128
{256: 308, 1024: 174, 128: 112, 512: 510, 64: 23}
not over
[64, 256, 128, 32]
[16, 128, 32, 8]
[4, 16, 8, 4]
[2, 8, 4, 2]
1127:256
{256: 309, 1024: 174, 128: 112, 512: 510, 64: 23}
not over
[1024, 256, 2, 32]
[8, 32, 128, 16]
[4, 8, 16, 2]
[2, 4, 8, 4]
1128:1024
{256: 309, 1024: 175, 128: 112, 512: 510, 64: 23}
not over
[2, 256, 128, 64]
[512, 128, 32, 16]
[8, 32, 16, 4]
[2, 4, 8, 2]
1129:512
{256: 309, 1024: 175, 128: 112, 512: 511, 64: 23}
not over
[512, 256, 2, 32]
[16, 32, 128, 16]
[4, 16, 32, 4]
[2, 4, 8, 2]
1130:512
{256: 309, 1024: 175, 128: 112, 512: 512, 64: 23}
not over
[32, 512, 32, 16]
[16, 32, 64, 128]
[2, 16, 32, 8]
[4, 2, 4, 2]
1131:512
{256: 309, 1024: 175, 128: 112, 512: 513, 64: 23}
not over
[64, 512, 128, 32]
[4, 128, 32, 16]
[8, 16, 64, 8]
[4, 8, 4, 2]
1132:512
{256: 309, 1024: 175, 128: 112, 512: 514, 64: 23}
not over
[256, 512, 256, 32]
[16, 128, 64, 16]
[8, 32, 16, 4]
[4, 2, 8, 2]
1133:512
{256: 309, 1024: 175, 128: 112, 512: 515, 64: 23}
not over
[64, 512, 256, 128]
[4, 16, 128, 8]
[8, 32, 16, 4]
[16, 2, 4, 2]
1134:512
{256: 309, 1024: 175, 128: 112, 512: 516, 64: 23}
not over
[1024, 64, 32, 16]
[16, 32, 128, 8]
[8, 16, 64, 4]
[4, 8, 4, 2]
1135:1024
{256: 309, 1024: 176, 128: 112, 512: 516, 64: 23}
not over
[1024, 256, 64, 2]
[16, 32, 16, 32]
[4, 16, 4, 16]
[2, 4, 2, 4]
1136:1024
{256: 309, 1024: 177, 128: 112, 512: 516, 64: 23}
not over
[64, 512, 32, 128]
[32, 64, 128, 16]
[8, 16, 32, 8]
[4, 8, 4, 2]
1137:512
{256: 309, 1024: 177, 128: 112, 512: 517, 64: 23}
not over
[512, 4, 64, 32]
[8, 64, 32, 8]
[4, 16, 8, 4]
[2, 8, 4, 2]
1138:512
{256: 309, 1024: 177, 128: 112, 512: 518, 64: 23}
not over
[256, 64, 8, 4]
[8, 2, 4, 32]
[4, 32, 8, 2]
[2, 8, 2, 4]
1139:256
{256: 310, 1024: 177, 128: 112, 512: 518, 64: 23}
not over
[64, 8, 128, 32]
[4, 32, 64, 16]
[2, 8, 16, 4]
[4, 2, 8, 2]
1140:128
{256: 310, 1024: 177, 128: 113, 512: 518, 64: 23}
not over
[256, 32, 2, 16]
[2, 16, 64, 8]
[16, 32, 8, 4]
[2, 8, 4, 2]
1141:256
{256: 311, 1024: 177, 128: 113, 512: 518, 64: 23}
not over
[1024, 2, 4, 32]
[64, 128, 64, 16]
[4, 8, 32, 8]
[2, 4, 8, 2]
1142:1024
{256: 311, 1024: 178, 128: 113, 512: 518, 64: 23}
not over
[8, 256, 128, 32]
[1024, 16, 64, 16]
[4, 8, 4, 8]
[2, 4, 8, 2]
1143:1024
{256: 311, 1024: 179, 128: 113, 512: 518, 64: 23}
not over
[512, 256, 64, 32]
[32, 128, 16, 8]
[8, 32, 8, 4]
[2, 8, 4, 2]
1144:512
{256: 311, 1024: 179, 128: 113, 512: 519, 64: 23}
not over
[512, 256, 128, 4]
[32, 64, 4, 16]
[8, 32, 16, 8]
[2, 8, 4, 2]
1145:512
{256: 311, 1024: 179, 128: 113, 512: 520, 64: 23}
not over
[1024, 256, 8, 4]
[16, 64, 16, 2]
[8, 16, 32, 16]
[2, 8, 4, 2]
1146:1024
{256: 311, 1024: 180, 128: 113, 512: 520, 64: 23}
not over
[128, 4, 2, 16]
[32, 64, 16, 8]
[8, 16, 8, 4]
[2, 8, 4, 2]
1147:128
{256: 311, 1024: 180, 128: 114, 512: 520, 64: 23}
not over
[512, 256, 64, 32]
[16, 32, 16, 2]
[4, 16, 4, 16]
[2, 4, 8, 2]
1148:512
{256: 311, 1024: 180, 128: 114, 512: 521, 64: 23}
not over
[512, 4, 64, 4]
[16, 32, 128, 16]
[8, 16, 8, 4]
[2, 8, 4, 2]
1149:512
{256: 311, 1024: 180, 128: 114, 512: 522, 64: 23}
not over
[32, 256, 128, 32]
[16, 128, 16, 8]
[8, 16, 32, 2]
[2, 4, 8, 4]
1150:256
{256: 312, 1024: 180, 128: 114, 512: 522, 64: 23}
not over
[512, 128, 16, 64]
[16, 32, 64, 16]
[8, 16, 32, 8]
[2, 8, 4, 2]
1151:512
{256: 312, 1024: 180, 128: 114, 512: 523, 64: 23}
not over
[32, 128, 2, 64]
[16, 32, 64, 8]
[4, 8, 16, 4]
[2, 16, 4, 2]
1152:128
{256: 312, 1024: 180, 128: 115, 512: 523, 64: 23}
not over
[256, 128, 64, 32]
[16, 64, 32, 2]
[8, 32, 8, 32]
[2, 8, 4, 2]
1153:256
{256: 313, 1024: 180, 128: 115, 512: 523, 64: 23}
not over
[256, 32, 16, 4]
[4, 64, 4, 2]
[2, 4, 16, 8]
[8, 2, 4, 2]
1154:256
{256: 314, 1024: 180, 128: 115, 512: 523, 64: 23}